<?xml version="1.0" encoding="UTF-8"?>
<testsuite name="com.clinica.api.config.security.utils.CryptoUtilsTest" tests="2" skipped="0" failures="0" errors="0" timestamp="2026-03-26T03:31:41" hostname="VJARAMILLO-583" time="0.008">
  <properties/>
  <testcase name="encrypt()" classname="com.clinica.api.config.security.utils.CryptoUtilsTest" time="0.006"/>
  <testcase name="decrypt()" classname="com.clinica.api.config.security.utils.CryptoUtilsTest" time="0.001"/>
  <system-out><![CDATA[Password: 6j0ZxxtXeTsJyNwi3O/QF2/ixeoKKL6xg1vmrdWjs3U=
Password: Password01@
]]></system-out>
  <system-err><![CDATA[]]></system-err>
</testsuite>
